 2025-03-07 15:06:10,507: INFO in incomeview line 73: Entering GET api/income.
 2025-03-07 15:06:10,509: INFO in incomeview line 84: GET api/income, fetching income with id 2, fetching one.
 2025-03-07 15:06:54,099: INFO in autoreload line 266: C:\Users\Lene-LiseDaniloff\OneDrive - Unicus Holding AS\Dokumenter\djangoprosjekter\mysecondproject\mysecondproject\api\views\incomeview.py changed, reloading.
 2025-03-07 15:06:55,290: INFO in autoreload line 668: Watching for file changes with StatReloader
 2025-03-07 15:07:32,043: INFO in autoreload line 266: C:\Users\Lene-LiseDaniloff\OneDrive - Unicus Holding AS\Dokumenter\djangoprosjekter\mysecondproject\mysecondproject\api\views\incomeview.py changed, reloading.
 2025-03-07 15:07:33,103: INFO in autoreload line 668: Watching for file changes with StatReloader
 2025-03-07 15:07:34,365: INFO in incomeview line 73: GET api/income i called.
 2025-03-07 15:07:34,366: INFO in incomeview line 84: GET api/income, fetching income with id 2.
 2025-03-07 15:07:46,292: INFO in autoreload line 266: C:\Users\Lene-LiseDaniloff\OneDrive - Unicus Holding AS\Dokumenter\djangoprosjekter\mysecondproject\mysecondproject\api\views\incomeview.py changed, reloading.
 2025-03-07 15:07:47,387: INFO in autoreload line 668: Watching for file changes with StatReloader
 2025-03-07 15:08:14,896: INFO in autoreload line 266: C:\Users\Lene-LiseDaniloff\OneDrive - Unicus Holding AS\Dokumenter\djangoprosjekter\mysecondproject\mysecondproject\api\views\incomeview.py changed, reloading.
 2025-03-07 15:08:16,189: INFO in autoreload line 668: Watching for file changes with StatReloader
 2025-03-07 15:08:17,342: INFO in incomeview line 73: GET api/income is called by userid 9.
 2025-03-07 15:08:17,343: INFO in incomeview line 84: GET api/income, fetching income with id 2.
 2025-03-07 15:08:30,560: INFO in autoreload line 266: C:\Users\Lene-LiseDaniloff\OneDrive - Unicus Holding AS\Dokumenter\djangoprosjekter\mysecondproject\mysecondproject\api\views\incomeview.py changed, reloading.
 2025-03-07 15:08:31,698: INFO in autoreload line 668: Watching for file changes with StatReloader
 2025-03-07 15:08:41,209: INFO in autoreload line 266: C:\Users\Lene-LiseDaniloff\OneDrive - Unicus Holding AS\Dokumenter\djangoprosjekter\mysecondproject\mysecondproject\api\views\incomeview.py changed, reloading.
 2025-03-07 15:08:42,277: INFO in autoreload line 668: Watching for file changes with StatReloader
 2025-03-07 15:09:07,603: INFO in autoreload line 266: C:\Users\Lene-LiseDaniloff\OneDrive - Unicus Holding AS\Dokumenter\djangoprosjekter\mysecondproject\mysecondproject\api\views\incomeview.py changed, reloading.
 2025-03-07 15:09:08,655: INFO in autoreload line 668: Watching for file changes with StatReloader
 2025-03-07 15:09:27,136: INFO in autoreload line 266: C:\Users\Lene-LiseDaniloff\OneDrive - Unicus Holding AS\Dokumenter\djangoprosjekter\mysecondproject\mysecondproject\api\views\incomeview.py changed, reloading.
 2025-03-07 15:09:28,176: INFO in autoreload line 668: Watching for file changes with StatReloader
 2025-03-07 15:09:32,164: INFO in incomeview line 84: GET api/income called by userid {self.request.user.id} with income_id {pk}
 2025-03-07 15:09:43,728: INFO in autoreload line 266: C:\Users\Lene-LiseDaniloff\OneDrive - Unicus Holding AS\Dokumenter\djangoprosjekter\mysecondproject\mysecondproject\api\views\incomeview.py changed, reloading.
 2025-03-07 15:09:44,812: INFO in autoreload line 668: Watching for file changes with StatReloader
 2025-03-07 15:09:46,393: INFO in incomeview line 84: GET api/income called by userid 9 with income_id 2
 2025-03-07 15:10:08,713: INFO in incomeview line 78: GET api/income called by userid {self.request.user.id} with no income id given
 2025-03-07 15:10:08,713: INFO in incomeview line 45: Entering get_queryset().
 2025-03-07 15:10:17,992: INFO in autoreload line 266: C:\Users\Lene-LiseDaniloff\OneDrive - Unicus Holding AS\Dokumenter\djangoprosjekter\mysecondproject\mysecondproject\api\views\incomeview.py changed, reloading.
 2025-03-07 15:10:19,342: INFO in autoreload line 668: Watching for file changes with StatReloader
 2025-03-07 15:10:20,601: INFO in incomeview line 78: GET api/income called by userid 9 with no income id given
 2025-03-07 15:10:20,601: INFO in incomeview line 45: Entering get_queryset().
 2025-03-07 15:10:27,839: INFO in incomeview line 84: GET api/income called by userid 9 with income_id 2
 2025-03-07 15:11:18,566: INFO in autoreload line 266: C:\Users\Lene-LiseDaniloff\OneDrive - Unicus Holding AS\Dokumenter\djangoprosjekter\mysecondproject\mysecondproject\api\views\incomeview.py changed, reloading.
 2025-03-07 15:11:19,785: INFO in autoreload line 668: Watching for file changes with StatReloader
 2025-03-07 15:16:34,017: INFO in autoreload line 266: C:\Users\Lene-LiseDaniloff\OneDrive - Unicus Holding AS\Dokumenter\djangoprosjekter\mysecondproject\mysecondproject\api\views\incomeview.py changed, reloading.
 2025-03-07 15:16:35,202: INFO in autoreload line 668: Watching for file changes with StatReloader
 2025-03-07 15:20:04,272: INFO in autoreload line 266: C:\Users\Lene-LiseDaniloff\OneDrive - Unicus Holding AS\Dokumenter\djangoprosjekter\mysecondproject\mysecondproject\api\views\incomeview.py changed, reloading.
 2025-03-07 15:20:05,528: INFO in autoreload line 668: Watching for file changes with StatReloader
 2025-03-07 15:20:15,037: INFO in autoreload line 266: C:\Users\Lene-LiseDaniloff\OneDrive - Unicus Holding AS\Dokumenter\djangoprosjekter\mysecondproject\mysecondproject\api\views\exportview.py changed, reloading.
 2025-03-07 15:20:16,053: INFO in autoreload line 668: Watching for file changes with StatReloader
 2025-03-07 15:20:59,312: INFO in autoreload line 266: C:\Users\Lene-LiseDaniloff\OneDrive - Unicus Holding AS\Dokumenter\djangoprosjekter\mysecondproject\mysecondproject\api\views\customuserviewset.py changed, reloading.
 2025-03-07 15:21:00,512: INFO in autoreload line 668: Watching for file changes with StatReloader
 2025-03-07 15:21:12,380: INFO in autoreload line 266: C:\Users\Lene-LiseDaniloff\OneDrive - Unicus Holding AS\Dokumenter\djangoprosjekter\mysecondproject\mysecondproject\api\views\customuserviewset.py changed, reloading.
 2025-03-07 15:21:13,457: INFO in autoreload line 668: Watching for file changes with StatReloader
 2025-03-10 08:00:38,902: INFO in autoreload line 668: Watching for file changes with StatReloader
 2025-03-10 08:00:43,238: WARNING in views line 14: very bad indeed
 2025-03-10 08:00:43,375: WARNING in log line 248: Not Found: /favicon.ico
 2025-03-10 08:02:08,371: INFO in autoreload line 266: C:\Users\Lene-LiseDaniloff\OneDrive - Unicus Holding AS\Dokumenter\djangoprosjekter\mysecondproject\mysecondproject\expensetracker\views.py changed, reloading.
 2025-03-10 08:02:09,011: INFO in autoreload line 668: Watching for file changes with StatReloader
